2024-11-04 21:25:27,614 - INFO - ====== WebDriver manager ======
2024-11-04 21:25:28,703 - INFO - Get LATEST chromedriver version for google-chrome
2024-11-04 21:25:28,800 - INFO - About to download new driver from https://chromedriver.storage.googleapis.com/114.0.5735.90/chromedriver_win32.zip
2024-11-04 21:25:28,890 - INFO - Driver downloading response is 200
2024-11-04 21:25:29,797 - INFO - Get LATEST chromedriver version for google-chrome
2024-11-04 21:25:30,479 - INFO - Get LATEST chromedriver version for google-chrome
2024-11-04 21:25:31,089 - INFO - Driver has been saved in cache [C:\Users\lance\.wdm\drivers\chromedriver\win64\114.0.5735.90]
2024-11-04 21:25:32,351 - INFO - Starting the scraper and loading URL.
2024-11-04 21:25:43,906 - INFO - No popup found for selector: //button[contains(text(), 'Accept') or contains(text(), 'Agree')]
2024-11-04 21:25:48,994 - INFO - No popup found for selector: //button[contains(text(), 'X') or @aria-label='Close']
2024-11-04 21:25:54,082 - INFO - No popup found for selector: //button[contains(text(), 'Continue')]
2024-11-04 21:25:57,095 - INFO - Reached the end of the page; all articles loaded.
2024-11-04 21:25:57,551 - INFO - Opened article https://news.google.com/read/CBMirAFBVV95cUxPbGlZcFpabmN5b2cyZ0ctX0FjdjhHSExQUmxnM2M1Z0VndTNwQVEzWjE3V20tNmdIVXRvQTZFaHZ4bmJDQ0tiWEVINVhUSWxpZVZmV2NWc001el9XZXpIWFFtN0FINmlId1FMZHVfRUE5VHYxZGxMY01td1NtT3FzdHVfU3pjTnV0dVE0SXlBYXkybk14OW9ORzBPUkVVSG8xMEs5ZTRkdmpsWWlR0gGsAUFVX3lxTE1TTVFJN1prZUhUS3FEaW1OeTBFQlZ6emFEZXpNT0V1MTFDaXgzRkxXMzFJR0NoVXhKLW5pTlVobzdfY1JkSW9fSFVfamhHTjRJY1dhN2VBek84TlR5SGRxQTBIcjRpRFRmQTA2WHBHbFZUSXFNMWRVaW5Vcmd4bXV2OTdUc3hQLUlhQWZRam9VaVk4d1lhZnhOMjJuaWVDN2JjNG5CVmtLc05sMlg?hl=en-US&gl=US&ceid=US%3Aen
2024-11-04 21:25:59,428 - INFO - Publish date not found; using current date.
2024-11-04 21:25:59,485 - INFO - Article 'Google News' saved successfully.
2024-11-04 21:25:59,899 - INFO - Opened article https://news.google.com/read/CBMiiAFBVV95cUxPUHQ5V2dYazJ3Z3ExbmM3Qi1JSVNUbk5Bams3NU80RGpadXRVUVpXYmxoSDk2NnBYYzlQVlk4YkRVTkIzanN1blJmemp3ZEw1cDRjUFBxTUE5UDdXalhLSmhRaEpWRks0akppa0w1b05HMUwwOVNDVVVBLTB4bGJ2eC1VQmlJLUJM0gF_QVVfeXFMTVhNVWRLNmtvZUxqVlpmZzJGeGZadGE1NGVGWGx3MXpYU1NFcHNacXVNQjZibm5DQlZjRThrcU9BUlVSbzN4VTFiUm9NWFZUSEExeTJsN0xPREluRGdTcFlfc0dCQkdIQXVhdUZRbU1HTklrNHBCV1diNkxlZ05qdw?hl=en-US&gl=US&ceid=US%3Aen
2024-11-04 21:26:08,227 - INFO - No content found for article https://news.google.com/read/CBMiiAFBVV95cUxPUHQ5V2dYazJ3Z3ExbmM3Qi1JSVNUbk5Bams3NU80RGpadXRVUVpXYmxoSDk2NnBYYzlQVlk4YkRVTkIzanN1blJmemp3ZEw1cDRjUFBxTUE5UDdXalhLSmhRaEpWRks0akppa0w1b05HMUwwOVNDVVVBLTB4bGJ2eC1VQmlJLUJM0gF_QVVfeXFMTVhNVWRLNmtvZUxqVlpmZzJGeGZadGE1NGVGWGx3MXpYU1NFcHNacXVNQjZibm5DQlZjRThrcU9BUlVSbzN4VTFiUm9NWFZUSEExeTJsN0xPREluRGdTcFlfc0dCQkdIQXVhdUZRbU1HTklrNHBCV1diNkxlZ05qdw?hl=en-US&gl=US&ceid=US%3Aen. Skipping.
2024-11-04 21:26:08,750 - INFO - Opened article https://news.google.com/read/CBMihgFBVV95cUxNRnJDalMtcFR0YUNWbGxnWjM3U2xhWkJjNmxNSVBhTWtvc2M2dnd1S3hQaDhkYzdfTndKVU4zUlktTVZxbXdicUo2RTVLLXU0VWNlTHd1VDNKMEZtZjRoaVpIWUd6YmNRZnh2ZVhvVEpQamNYNFdpQ09XYlNZMVBuWDVoX3dGUQ?hl=en-US&gl=US&ceid=US%3Aen
2024-11-04 21:26:09,831 - INFO - Article 'Google News' saved successfully.
2024-11-04 21:26:10,260 - INFO - Opened article https://news.google.com/read/CBMingFBVV95cUxOTW1TZXgxcWZpakpHaVdpakpyb1lrbTdZSFNXLVZMUUY4X1EwX3ZjWkdaTEplN3ZZaXV6RlZnay1MenFwU0V1dGNqSS14UUdncVVsN0YyT2Q4VDJjdGdCd1BucjZLNzdtb1FhUXF6emtrOFUwSG1wUm9FVDBHb3o3aXFNc3NzMDljYTlWQVhYVERYdERzbjFOMHFQTU00QdIBowFBVV95cUxNbFBrdE5udGtxdEFYRWlWbVBrS0NpUzRvN1FtSkZ6aWVXNlQ1LUl0ZUV3ZTI1eFoxVTNNUmRVZFYtXzR5UWFVLXItaG84UVNocGZuaGlabTZqVDB6QUM2b09kT195SWluNlRQMXV0dmVfbmFBX0tQYU5ITnI3Zk1vVTRmLXhJQUszaWhWaGVGdW5hVUFoVlpWeTJ0bmNOQlc3STVj?hl=en-US&gl=US&ceid=US%3Aen
2024-11-04 21:26:13,089 - INFO - Article 'Google News' saved successfully.
2024-11-04 21:26:13,459 - INFO - Opened article https://news.google.com/read/CBMihwFBVV95cUxObkYtTXB0eXR6NGFvYXBTTWN1V2R5OVpVYS1BZWVfLS04ZmppMzdCZjJqcWRadlBIWkpLQnhfVkNINml0SV9XcWxBLVlwb3A3T3lEVm5jMmoteVZNTDU1SG1ObENPSGZFMl96T0ljRWE5UHJYZVdYS2xGb01sS3F6VG1NOHpMdTQ?hl=en-US&gl=US&ceid=US%3Aen
2024-11-04 21:26:19,634 - INFO - Article 'Google News' saved successfully.
2024-11-04 21:26:20,054 - INFO - Opened article https://news.google.com/read/CBMiygFBVV95cUxPS1ZwMlNfOGVnOWNqaWVMbV83Szd4ZTJmRTNxdG8wbm45c3NHV3h3QnhvTG9fWDQydEpaMVF5VlFadnFDQWdkLTBnSXhURVNHT0NrdFZ4TzJwYVVDR25jalhDcml1UTFyMjBqN01xVHg5WDIteUpwX3lGYnFDeGtPbnNzampXcU9MZ0trZVBxZWROSU1VeWtldm0xZEFHNFA2bkpvU0REdVAzb0NvOUdOMldsZWFVQWY2alVycGdSdjB5Vm1CVDQ0TFh30gHKAUFVX3lxTFBDQWViQU1QUTJERklrRWdUcFpFMWZJX2g3VGNOOER3RVo0cDh6c2xDX25jWXJ5Y2xvRVVXbXJ3YWpRWG13RkljNnN6ajNzbkM3NGxKT3JjZ3dOeWtJc0JlME9xWTJkdURHSkpfcFpQMUpXc1MzX2Zha3NkcEFIRExvRGFSZVVyR3poeGFBQ3N3djlGZ0VocWVxOWJ3ZldhN2N2T1dhQ25oandOZExzNlh5VDh3cHpIa1BmVWNHVmFuOVlZaUxFcDhuNkE?hl=en-US&gl=US&ceid=US%3Aen
2024-11-04 21:26:21,935 - INFO - Article 'Google News' saved successfully.
2024-11-04 21:26:22,365 - INFO - Opened article https://news.google.com/read/CBMigAFBVV95cUxQM3p3SldIakxJNGdXeG1yLVZjOHh0enQwS1c2a0QwMkczbWNIbE9ialEyNGZKc0tQaW5EUDVQZmRnZFBmMTNPVVlUam5FUnp3TTVJOTJ2TE8xTlhFdjdVZUtkcTZsa2I4ajZXdkszOHF5WjlMSFk4MFg0MTFDZ05iMQ?hl=en-US&gl=US&ceid=US%3Aen
2024-11-04 21:26:32,412 - INFO - Main content not found; falling back to body text.
2024-11-04 21:26:32,434 - INFO - No content found for article https://news.google.com/read/CBMigAFBVV95cUxQM3p3SldIakxJNGdXeG1yLVZjOHh0enQwS1c2a0QwMkczbWNIbE9ialEyNGZKc0tQaW5EUDVQZmRnZFBmMTNPVVlUam5FUnp3TTVJOTJ2TE8xTlhFdjdVZUtkcTZsa2I4ajZXdkszOHF5WjlMSFk4MFg0MTFDZ05iMQ?hl=en-US&gl=US&ceid=US%3Aen. Skipping.
2024-11-04 21:26:32,827 - INFO - Opened article https://news.google.com/read/CBMi7gFBVV95cUxOZ084QUwwQll0WFgtclNxd1EyQWdQVy1DTTdFLUI5VElrbm51b0NqN0NEeVBLMVJpU1JrNzRtRFJQV2FVSENESVhZNEJtUGtaT1prdWR0bC01RU9ZaGx6VXJrcUozM2dBNzBva2tTenFUMkFLS2hPU0p3cnpXSWh5RzhxSUdsYU9YRTJrRU8xRmpsWkQzNk1rZWJKRjdUVGFrRzI2LWRnN21LWHpxaFVBeEVBdmd6cjNPbkdGNVB4c1VyT1M4b2ZmNjU5YUtMSnhHaGttcmRMWmNPalFvenBQZ3hLdThJRkxOcmU2SHNB0gFmQVVfeXFMT3Zpdy1BRzlBYTBYYWpoVV91M1k0NXhXczd0YlVENWRmNjlrOUFhZC0tNDNOX005eWdDcGRKZVJpNDBNYXV1cnV4RWNQcThoU3RYWVY1WTl3N2o3RmF4cXNxQ1ZZWGx3?hl=en-US&gl=US&ceid=US%3Aen
2024-11-04 21:26:36,431 - INFO - No content found for article https://news.google.com/read/CBMi7gFBVV95cUxOZ084QUwwQll0WFgtclNxd1EyQWdQVy1DTTdFLUI5VElrbm51b0NqN0NEeVBLMVJpU1JrNzRtRFJQV2FVSENESVhZNEJtUGtaT1prdWR0bC01RU9ZaGx6VXJrcUozM2dBNzBva2tTenFUMkFLS2hPU0p3cnpXSWh5RzhxSUdsYU9YRTJrRU8xRmpsWkQzNk1rZWJKRjdUVGFrRzI2LWRnN21LWHpxaFVBeEVBdmd6cjNPbkdGNVB4c1VyT1M4b2ZmNjU5YUtMSnhHaGttcmRMWmNPalFvenBQZ3hLdThJRkxOcmU2SHNB0gFmQVVfeXFMT3Zpdy1BRzlBYTBYYWpoVV91M1k0NXhXczd0YlVENWRmNjlrOUFhZC0tNDNOX005eWdDcGRKZVJpNDBNYXV1cnV4RWNQcThoU3RYWVY1WTl3N2o3RmF4cXNxQ1ZZWGx3?hl=en-US&gl=US&ceid=US%3Aen. Skipping.
2024-11-04 21:26:36,869 - INFO - Opened article https://news.google.com/read/CBMivgFBVV95cUxNZ0tNOGQyLW9GUGhUWjF6X2gweGhwTTFpdG82ZjdXSEYtZ2JNODY1LVAwR1g1dkZNZXp2WWsta0h0Wks5eGZvd3BZZGRCdGRPZDJ2M2NIbDdQWmw0RnlyazB6SUpjc29XdmZXcDVXQUJ4RXhvZXMzYzFzQlRscFJSOFk5ejJPOXhrWmtHal9xYTYzWjFsTVViRXVpb2NZcl9hQW10d0dDWlZoM3ItSkt6TjNkN2ZWQ0NfV3NLYkpR?hl=en-US&gl=US&ceid=US%3Aen
2024-11-04 21:26:38,975 - INFO - Publish date not found; using current date.
2024-11-04 21:26:38,997 - INFO - Article 'Google News' saved successfully.
2024-11-04 21:26:39,419 - INFO - Opened article https://news.google.com/read/CBMijAFBVV95cUxObXBlbWRMc0VBR29wR1g3YzZXbHVfNDg4T0xneWtmM2Q5Y3I2VGxkZ2JNRnpvNGVzNkNPYU1odk5wUDIxMmVvZEM3c3dCMFFHTEtJV0o2UjV6b2JqdHRtVXB2UzFEUDJtQUN6ZHoxaVJVN1NWUFlQclI0MnpzZ1o0YmxHWnNzcTRYU1ZYdw?hl=en-US&gl=US&ceid=US%3Aen
2024-11-04 21:26:43,818 - INFO - No content found for article https://news.google.com/read/CBMijAFBVV95cUxObXBlbWRMc0VBR29wR1g3YzZXbHVfNDg4T0xneWtmM2Q5Y3I2VGxkZ2JNRnpvNGVzNkNPYU1odk5wUDIxMmVvZEM3c3dCMFFHTEtJV0o2UjV6b2JqdHRtVXB2UzFEUDJtQUN6ZHoxaVJVN1NWUFlQclI0MnpzZ1o0YmxHWnNzcTRYU1ZYdw?hl=en-US&gl=US&ceid=US%3Aen. Skipping.
2024-11-04 21:26:44,228 - INFO - Opened article https://news.google.com/read/CBMicEFVX3lxTE5yWExQcVJOVWY3bG5pTklEaVRmOHhFZmxrQlA5ZkpNNEEtTHBJV2l0U015QTQ2SHlfamlaR1VDWEFxeDdvQzRQT1lBX29aWEtBU24wQnR6c1cwTlp1ZUpRVXYxSE9TOXZmRktnc1BsQVg?hl=en-US&gl=US&ceid=US%3Aen
2024-11-04 21:26:48,590 - INFO - No content found for article https://news.google.com/read/CBMicEFVX3lxTE5yWExQcVJOVWY3bG5pTklEaVRmOHhFZmxrQlA5ZkpNNEEtTHBJV2l0U015QTQ2SHlfamlaR1VDWEFxeDdvQzRQT1lBX29aWEtBU24wQnR6c1cwTlp1ZUpRVXYxSE9TOXZmRktnc1BsQVg?hl=en-US&gl=US&ceid=US%3Aen. Skipping.
2024-11-04 21:26:48,983 - INFO - Opened article https://news.google.com/read/CBMirwFBVV95cUxOeTBTOXlHcUZVY3hVRTNlZWxnbXY2YUprTXlrWTdGMGNNVl96N0Q0VG4tWW12RnJ0ZXBNZE1xR2ViNEM0ZTZfQ3FETlpmMW9SdUczdE8xSzNyRHZBVE5uWFVKSDFrMDVDLUNaUlgydUtkd19WRUlOS2ZwNW1zWnlrTjdSV1daR3NKRWdaZnFPVzdUOGV3WWpMTlVyN3hFdDBFdTNxaDR1VW40MUJEUVdN?hl=en-US&gl=US&ceid=US%3Aen
2024-11-04 21:26:51,806 - INFO - Article 'Google News' saved successfully.
2024-11-04 21:26:52,193 - INFO - Opened article https://news.google.com/read/CBMifkFVX3lxTE5uanZPS0VkbVJiZDdGcHZVNjYtOUwwRDNkOUYzb0FEWEFjLV81V2FTUE50dVdpSUhuajktQ2FkcG9ZTmNaN2dwT2VUYlpZcHIyRklXVWo1TklsdkpGUzVGVWFFQ191Tkwzd1d5ODQ3RTBmRUFZY1E2STZKdWloQdIBgwFBVV95cUxPYzY4V0FVN3hodFI2aGUtenFHcmR1M0VucjRyay03NmUwVVNBRXJldzN5WTgxdGVMeGlpSGxQTkNnY3ZGWFR5cEZsUm5XZ2NweFlFT0xidXVfc01iVERHcFF2bUlvdUpKZUdtTC1GQm1nWV9IMmcwQkhIYkVHRG85TjM0Zw?hl=en-US&gl=US&ceid=US%3Aen
2024-11-04 21:26:54,577 - INFO - Article 'Google News' saved successfully.
2024-11-04 21:26:54,928 - INFO - Opened article https://news.google.com/read/CBMioAFBVV95cUxNcVJFN1loTV8tclBOWjhtSVc5NmNDajRkX2FRcF95alMzak9MdmxON0NhRmRKdEpBbUk5cGQ4U2l3QlBWazkyRGlObzN4WjhJTmkwb0VGMWRVQUExLUtCalh2cU16VEp0NUE1eThvQzVVNm5QQmdGVWhrbGtKTmRCdGVETEtoZzJHNVVtZHgwRllIMkpWbFNkSGMySEowUUh6?hl=en-US&gl=US&ceid=US%3Aen
2024-11-04 21:26:56,733 - INFO - Publish date not found; using current date.
2024-11-04 21:26:56,759 - INFO - Article 'Google News' saved successfully.
2024-11-04 21:26:57,150 - INFO - Opened article https://news.google.com/read/CBMikwFBVV95cUxNSWxDdTR2cHdSOTZPVjlsWmdSUzFZRldnRV81ODd3Sl9hbUVuMHZldmVtenhXX0VuQ3BrVkpyWnp4c1BWOVlyckVrRzQ2LVFwbk5fUGJDLXlhZXhHa0xBVUJGUzh1V0o4dXlmNWtuTEZXS3M4V3R4MVZqOU11Yi1KdFlVcFNteUVmc1pxb2xhXzRBX2s?hl=en-US&gl=US&ceid=US%3Aen
2024-11-04 21:27:02,454 - WARNING - Retrying (Retry(total=2, connect=None, read=None, redirect=None, status=None)) after connection broken by 'NewConnectionError('<urllib3.connection.HTTPConnection object at 0x0000027CFB6C8A10>: Failed to establish a new connection: [WinError 10061] No connection could be made because the target machine actively refused it')': /session/790b3954465d6dedf68aa253b55e3ed6
2024-11-04 21:27:06,521 - WARNING - Retrying (Retry(total=1, connect=None, read=None, redirect=None, status=None)) after connection broken by 'NewConnectionError('<urllib3.connection.HTTPConnection object at 0x0000027CFB6C8B30>: Failed to establish a new connection: [WinError 10061] No connection could be made because the target machine actively refused it')': /session/790b3954465d6dedf68aa253b55e3ed6
2024-11-04 21:27:10,584 - WARNING - Retrying (Retry(total=0, connect=None, read=None, redirect=None, status=None)) after connection broken by 'NewConnectionError('<urllib3.connection.HTTPConnection object at 0x0000027CFB6C83B0>: Failed to establish a new connection: [WinError 10061] No connection could be made because the target machine actively refused it')': /session/790b3954465d6dedf68aa253b55e3ed6
